[    0.000000] Linux version 4.15.0-112-generic (buildd@lcy01-amd64-027) (gcc version 7.5.0 (Ubuntu 7.5.0-3ubuntu1~18.04)) #113-Ubuntu SMP Thu Jul 9 23:41:39 UTC 2020 (Ubuntu 4.15.0-112.113-generic 4.15.18)
[    0.000000] Command line: BOOT_IMAGE=/boot/vmlinuz-4.15.0-112-generic root=UUID=20b1038e-766f-4e5a-92ef-62bc81d7a2d0 ro console=tty1 console=ttyS0
[    0.000000] KERNEL supported cpus:
[    0.000000]   Intel GenuineIntel
[    0.000000]   AMD AuthenticAMD
[    0.000000]   Centaur CentaurHauls
[    0.000000] x86/fpu: Supporting XSAVE feature 0x001: 'x87 floating point registers'
[    0.000000] x86/fpu: Supporting XSAVE feature 0x002: 'SSE registers'
[    0.000000] x86/fpu: Supporting XSAVE feature 0x004: 'AVX registers'
[    0.000000] x86/fpu: xstate_offset[2]:  576, xstate_sizes[2]:  256
[    0.000000] x86/fpu: Enabled xstate features 0x7, context size is 832 bytes, using 'standard' format.
[    0.000000] e820: BIOS-provided physical RAM map:
[    0.000000] BIOS-e820: [mem 0x0000000000000000-0x000000000009fbff] usable
[    0.000000] BIOS-e820: [mem 0x000000000009fc00-0x000000000009ffff] reserved
[    0.000000] BIOS-e820: [mem 0x00000000000f0000-0x00000000000fffff] reserved
[    0.000000] BIOS-e820: [mem 0x0000000000100000-0x000000003ffeffff] usable
[    0.000000] BIOS-e820: [mem 0x000000003fff0000-0x000000003fffffff] ACPI data
[    0.000000] BIOS-e820: [mem 0x00000000fec00000-0x00000000fec00fff] reserved
[    0.000000] BIOS-e820: [mem 0x00000000fee00000-0x00000000fee00fff] reserved
[    0.000000] BIOS-e820: [mem 0x00000000fffc0000-0x00000000ffffffff] reserved
[    0.000000] NX (Execute Disable) protection: active
[    0.000000] SMBIOS 2.5 present.
[    0.000000] DMI: innotek GmbH VirtualBox/VirtualBox, BIOS VirtualBox 12/01/2006
[    0.000000] Hypervisor detected: KVM
[    0.000000] e820: last_pfn = 0x3fff0 max_arch_pfn = 0x400000000
[    0.000000] MTRR: Disabled
[    0.000000] x86/PAT: MTRRs disabled, skipping PAT initialization too.
[    0.000000] CPU MTRRs all blank - virtualized system.
[    0.000000] x86/PAT: Configuration [0-7]: WB  WT  UC- UC  WB  WT  UC- UC  
[    0.000000] found SMP MP-table at [mem 0x0009fff0-0x0009ffff]
[    0.000000] Scanning 1 areas for low memory corruption
[    0.000000] RAMDISK: [mem 0x3595f000-0x36ca6fff]
[    0.000000] ACPI: Early table checksum verification disabled
[    0.000000] ACPI: RSDP 0x00000000000E0000 000024 (v02 VBOX  )
[    0.000000] ACPI: XSDT 0x000000003FFF0030 00003C (v01 VBOX   VBOXXSDT 00000001 ASL  00000061)
[    0.000000] ACPI: FACP 0x000000003FFF00F0 0000F4 (v04 VBOX   VBOXFACP 00000001 ASL  00000061)
[    0.000000] ACPI: DSDT 0x000000003FFF0470 002325 (v02 VBOX   VBOXBIOS 00000002 INTL 20100528)
[    0.000000] ACPI: FACS 0x000000003FFF0200 000040
[    0.000000] ACPI: FACS 0x000000003FFF0200 000040
[    0.000000] ACPI: APIC 0x000000003FFF0240 00005C (v02 VBOX   VBOXAPIC 00000001 ASL  00000061)
[    0.000000] ACPI: SSDT 0x000000003FFF02A0 0001CC (v01 VBOX   VBOXCPUT 00000002 INTL 20100528)
[    0.000000] No NUMA configuration found
[    0.000000] Faking a node at [mem 0x0000000000000000-0x000000003ffeffff]
[    0.000000] NODE_DATA(0) allocated [mem 0x3ffc5000-0x3ffeffff]
[    0.000000] kvm-clock: cpu 0, msr 0:3ff44001, primary cpu clock
[    0.000000] kvm-clock: Using msrs 4b564d01 and 4b564d00
[    0.000000] kvm-clock: using sched offset of 6543800217 cycles
[    0.000000] clocksource: kvm-clock: mask: 0xffffffffffffffff max_cycles: 0x1cd42e4dffb, max_idle_ns: 881590591483 ns
[    0.000000] Zone ranges:
[    0.000000]   DMA      [mem 0x0000000000001000-0x0000000000ffffff]
[    0.000000]   DMA32    [mem 0x0000000001000000-0x000000003ffeffff]
[    0.000000]   Normal   empty
[    0.000000]   Device   empty
[    0.000000] Movable zone start for each node
[    0.000000] Early memory node ranges
[    0.000000]   node   0: [mem 0x0000000000001000-0x000000000009efff]
[    0.000000]   node   0: [mem 0x0000000000100000-0x000000003ffeffff]
[    0.000000] Reserved but unavailable: 98 pages
[    0.000000] Initmem setup node 0 [mem 0x0000000000001000-0x000000003ffeffff]
[    0.000000] ACPI: PM-Timer IO Port: 0x4008
[    0.000000] IOAPIC[0]: apic_id 2, version 32, address 0xfec00000, GSI 0-23
[    0.000000] ACPI: INT_SRC_OVR (bus 0 bus_irq 0 global_irq 2 dfl dfl)
[    0.000000] ACPI: INT_SRC_OVR (bus 0 bus_irq 9 global_irq 9 low level)
[    0.000000] Using ACPI (MADT) for SMP configuration information
[    0.000000] smpboot: Allowing 2 CPUs, 0 hotplug CPUs
[    0.000000] PM: Registered nosave memory: [mem 0x00000000-0x00000fff]
[    0.000000] PM: Registered nosave memory: [mem 0x0009f000-0x0009ffff]
[    0.000000] PM: Registered nosave memory: [mem 0x000a0000-0x000effff]
[    0.000000] PM: Registered nosave memory: [mem 0x000f0000-0x000fffff]
[    0.000000] e820: [mem 0x40000000-0xfebfffff] available for PCI devices
[    0.000000] Booting paravirtualized kernel on KVM
[    0.000000] clocksource: refined-jiffies: mask: 0xffffffff max_cycles: 0xffffffff, max_idle_ns: 7645519600211568 ns
[    0.000000] random: get_random_bytes called from start_kernel+0x99/0x500 with crng_init=0
[    0.000000] setup_percpu: NR_CPUS:8192 nr_cpumask_bits:2 nr_cpu_ids:2 nr_node_ids:1
[    0.000000] percpu: Embedded 45 pages/cpu s147456 r8192 d28672 u1048576
[    0.000000] PV qspinlock hash table entries: 256 (order: 0, 4096 bytes)
[    0.000000] Built 1 zonelists, mobility grouping on.  Total pages: 257913
[    0.000000] Policy zone: DMA32
[    0.000000] Kernel command line: BOOT_IMAGE=/boot/vmlinuz-4.15.0-112-generic root=UUID=20b1038e-766f-4e5a-92ef-62bc81d7a2d0 ro console=tty1 console=ttyS0
[    0.000000] Memory: 982508K/1048120K available (12300K kernel code, 2481K rwdata, 4272K rodata, 2436K init, 2720K bss, 65612K reserved, 0K cma-reserved)
[    0.000000] SLUB: HWalign=64, Order=0-3, MinObjects=0, CPUs=2, Nodes=1
[    0.000000] Kernel/User page tables isolation: enabled
[    0.000000] ftrace: allocating 39378 entries in 154 pages
[    0.004000] Hierarchical RCU implementation.
[    0.004000] 	RCU restricting CPUs from NR_CPUS=8192 to nr_cpu_ids=2.
[    0.004000] 	Tasks RCU enabled.
[    0.004000] RCU: Adjusting geometry for rcu_fanout_leaf=16, nr_cpu_ids=2
[    0.004000] NR_IRQS: 524544, nr_irqs: 440, preallocated irqs: 16
[    0.004000] Console: colour VGA+ 80x25
[    0.004000] console [tty1] enabled
[    0.004000] console [ttyS0] enabled
[    0.004000] ACPI: Core revision 20170831
[    0.004000] ACPI: 2 ACPI AML tables successfully acquired and loaded
[    0.004000] APIC: Switch to symmetric I/O mode setup
[    0.004000] x2apic enabled
[    0.004000] Switched APIC routing to physical x2apic.
[    0.004000] ..TIMER: vector=0x30 apic1=0 pin1=2 apic2=-1 pin2=-1
[    0.004004] tsc: Detected 2808.000 MHz processor
[    0.004875] Calibrating delay loop (skipped) preset value.. 5616.00 BogoMIPS (lpj=11232000)
[    0.005561] pid_max: default: 32768 minimum: 301
[    0.008028] Security Framework initialized
[    0.009045] Yama: becoming mindful.
[    0.010050] AppArmor: AppArmor initialized
[    0.012000] Dentry cache hash table entries: 131072 (order: 8, 1048576 bytes)
[    0.012055] Inode-cache hash table entries: 65536 (order: 7, 524288 bytes)
[    0.016020] Mount-cache hash table entries: 2048 (order: 2, 16384 bytes)
[    0.017667] Mountpoint-cache hash table entries: 2048 (order: 2, 16384 bytes)
[    0.019371] Last level iTLB entries: 4KB 64, 2MB 8, 4MB 8
[    0.020002] Last level dTLB entries: 4KB 64, 2MB 0, 4MB 0, 1GB 4
[    0.021103] Spectre V1 : Mitigation: usercopy/swapgs barriers and __user pointer sanitization
[    0.022670] Spectre V2 : Mitigation: Full generic retpoline
[    0.024001] Spectre V2 : Spectre v2 / SpectreRSB mitigation: Filling RSB on context switch
[    0.025524] Speculative Store Bypass: Vulnerable
[    0.026428] SRBDS: Unknown: Dependent on hypervisor status
[    0.027440] MDS: Mitigation: Clear CPU buffers
[    0.028143] Freeing SMP alternatives memory: 36K
[    0.139325] smpboot: CPU0: Intel(R) Core(TM) i7-7700HQ CPU @ 2.80GHz (family: 0x6, model: 0x9e, stepping: 0x9)
[    0.140000] Performance Events: unsupported p6 CPU model 158 no PMU driver, software events only.
[    0.140031] Hierarchical SRCU implementation.
[    0.141580] NMI watchdog: Perf event create on CPU 0 failed with -2
[    0.142758] NMI watchdog: Perf NMI watchdog permanently disabled
[    0.144037] smp: Bringing up secondary CPUs ...
[    0.144982] x86: Booting SMP configuration:
[    0.145802] .... node  #0, CPUs:      #1
[    0.004000] kvm-clock: cpu 1, msr 0:3ff44041, secondary cpu clock
[    0.150607] smp: Brought up 1 node, 2 CPUs
[    0.150607] smpboot: Max logical packages: 1
[    0.152007] smpboot: Total of 2 processors activated (11232.00 BogoMIPS)
[    0.153346] devtmpfs: initialized
[    0.153346] x86/mm: Memory block size: 128MB
[    0.156052] evm: security.selinux
[    0.156694] evm: security.SMACK64
[    0.157364] evm: security.SMACK64EXEC
[    0.158054] evm: security.SMACK64TRANSMUTE
[    0.158872] evm: security.SMACK64MMAP
[    0.159637] evm: security.apparmor
[    0.160002] evm: security.ima
[    0.160584] evm: security.capability
[    0.161385] clocksource: jiffies: mask: 0xffffffff max_cycles: 0xffffffff, max_idle_ns: 7645041785100000 ns
[    0.164032] futex hash table entries: 512 (order: 3, 32768 bytes)
[    0.166753] pinctrl core: initialized pinctrl subsystem
[    0.168020] RTC time: 11:04:44, date: 09/10/20
[    0.168992] NET: Registered protocol family 16
[    0.169903] audit: initializing netlink subsys (disabled)
[    0.170962] audit: type=2000 audit(1599735892.730:1): state=initialized audit_enabled=0 res=1
[    0.172011] cpuidle: using governor ladder
[    0.172925] cpuidle: using governor menu
[    0.173738] ACPI: bus type PCI registered
[    0.174534] acpiphp: ACPI Hot Plug PCI Controller Driver version: 0.5
[    0.176112] PCI: Using configuration type 1 for base access
[    0.177182] HugeTLB registered 2.00 MiB page size, pre-allocated 0 pages
[    0.180070] ACPI: Added _OSI(Module Device)
[    0.180916] ACPI: Added _OSI(Processor Device)
[    0.184003] ACPI: Added _OSI(3.0 _SCP Extensions)
[    0.185026] ACPI: Added _OSI(Processor Aggregator Device)
[    0.186507] ACPI: Added _OSI(Linux-Dell-Video)
[    0.188008] ACPI: Added _OSI(Linux-Lenovo-NV-HDMI-Audio)
[    0.189001] ACPI: Added _OSI(Linux-HPI-Hybrid-Graphics)
[    0.190330] ACPI: Executed 1 blocks of module-level executable AML code
[    0.194520] ACPI: Interpreter enabled
[    0.195957] ACPI: (supports S0 S5)
[    0.196002] ACPI: Using IOAPIC for interrupt routing
[    0.197119] PCI: Using host bridge windows from ACPI; if necessary, use "pci=nocrs" and report a bug
[    0.199006] ACPI: Enabled 2 GPEs in block 00 to 07
[    0.206465] ACPI: PCI Root Bridge [PCI0] (domain 0000 [bus 00-ff])
[    0.208008] acpi PNP0A03:00: _OSC: OS supports [ASPM ClockPM Segments MSI]
[    0.210140] acpi PNP0A03:00: _OSC: not requesting OS control; OS requires [ExtendedConfig ASPM ClockPM MSI]
[    0.212015] acpi PNP0A03:00: fail to add MMCONFIG information, can't access extended PCI configuration space under this bridge.
[    0.216476] PCI host bridge to bus 0000:00
[    0.217759] pci_bus 0000:00: root bus resource [io  0x0000-0x0cf7 window]
[    0.220004] pci_bus 0000:00: root bus resource [io  0x0d00-0xffff window]
[    0.221244] pci_bus 0000:00: root bus resource [mem 0x000a0000-0x000bffff window]
[    0.222738] pci_bus 0000:00: root bus resource [mem 0x40000000-0xfdffffff window]
[    0.224005] pci_bus 0000:00: root bus resource [bus 00-ff]
[    0.229627] pci 0000:00:01.1: legacy IDE quirk: reg 0x10: [io  0x01f0-0x01f7]
[    0.232000] pci 0000:00:01.1: legacy IDE quirk: reg 0x14: [io  0x03f6]
[    0.232006] pci 0000:00:01.1: legacy IDE quirk: reg 0x18: [io  0x0170-0x0177]
[    0.234078] pci 0000:00:01.1: legacy IDE quirk: reg 0x1c: [io  0x0376]
[    0.256717] pci 0000:00:07.0: quirk: [io  0x4000-0x403f] claimed by PIIX4 ACPI
[    0.258513] pci 0000:00:07.0: quirk: [io  0x4100-0x410f] claimed by PIIX4 SMB
[    0.273099] ACPI: PCI Interrupt Link [LNKA] (IRQs 5 9 10 *11)
[    0.275347] ACPI: PCI Interrupt Link [LNKB] (IRQs 5 9 *10 11)
[    0.276218] ACPI: PCI Interrupt Link [LNKC] (IRQs 5 *9 10 11)
[    0.278041] ACPI: PCI Interrupt Link [LNKD] (IRQs 5 9 10 *11)
[    0.280537] SCSI subsystem initialized
[    0.281468] pci 0000:00:02.0: vgaarb: setting as boot VGA device
[    0.281833] pci 0000:00:02.0: vgaarb: VGA device added: decodes=io+mem,owns=io+mem,locks=none
[    0.284008] pci 0000:00:02.0: vgaarb: bridge control possible
[    0.285668] vgaarb: loaded
[    0.288042] ACPI: bus type USB registered
[    0.289053] usbcore: registered new interface driver usbfs
[    0.290646] usbcore: registered new interface driver hub
[    0.292030] usbcore: registered new device driver usb
[    0.293446] EDAC MC: Ver: 3.0.0
[    0.293446] PCI: Using ACPI for IRQ routing
[    0.296390] NetLabel: Initializing
[    0.297362] NetLabel:  domain hash size = 128
[    0.298460] NetLabel:  protocols = UNLABELED CIPSOv4 CALIPSO
[    0.300022] NetLabel:  unlabeled traffic allowed by default
[    0.301245] clocksource: Switched to clocksource kvm-clock
[    0.314056] VFS: Disk quotas dquot_6.6.0
[    0.315182] VFS: Dquot-cache hash table entries: 512 (order 0, 4096 bytes)
[    0.317209] AppArmor: AppArmor Filesystem Enabled
[    0.318132] pnp: PnP ACPI init
[    0.320084] pnp: PnP ACPI: found 3 devices
[    0.329832] clocksource: acpi_pm: mask: 0xffffff max_cycles: 0xffffff, max_idle_ns: 2085701024 ns
[    0.332010] NET: Registered protocol family 2
[    0.333028] TCP established hash table entries: 8192 (order: 4, 65536 bytes)
[    0.334389] TCP bind hash table entries: 8192 (order: 5, 131072 bytes)
[    0.336826] TCP: Hash tables configured (established 8192 bind 8192)
[    0.338422] UDP hash table entries: 512 (order: 2, 16384 bytes)
[    0.340552] UDP-Lite hash table entries: 512 (order: 2, 16384 bytes)
[    0.341820] NET: Registered protocol family 1
[    0.342655] pci 0000:00:00.0: Limiting direct PCI/PCI transfers
[    0.343772] pci 0000:00:01.0: Activating ISA DMA hang workarounds
[    0.344985] pci 0000:00:02.0: Video device with shadowed ROM at [mem 0x000c0000-0x000dffff]
[    0.346643] Unpacking initramfs...
[    0.618169] Freeing initrd memory: 19744K
[    0.619658] clocksource: tsc: mask: 0xffffffffffffffff max_cycles: 0x2879c5f06f2, max_idle_ns: 440795220049 ns
[    0.621836] platform rtc_cmos: registered platform RTC device (no PNP device found)
[    0.623997] Scanning for low memory corruption every 60 seconds
[    0.626249] Initialise system trusted keyrings
[    0.627130] Key type blacklist registered
[    0.627986] workingset: timestamp_bits=36 max_order=18 bucket_order=0
[    0.630055] zbud: loaded
[    0.631158] squashfs: version 4.0 (2009/01/31) Phillip Lougher
[    0.632748] fuse init (API version 7.26)
[    0.635492] Key type asymmetric registered
[    0.636778] Asymmetric key parser 'x509' registered
[    0.638174] Block layer SCSI generic (bsg) driver version 0.4 loaded (major 246)
[    0.639638] io scheduler noop registered
[    0.640886] io scheduler deadline registered
[    0.642084] io scheduler cfq registered (default)
[    0.643459] ACPI: AC Adapter [AC] (off-line)
[    0.644377] input: Power Button as /devices/LNXSYSTM:00/LNXPWRBN:00/input/input0
[    0.646334] ACPI: Power Button [PWRF]
[    0.647119] input: Sleep Button as /devices/LNXSYSTM:00/LNXSLPBN:00/input/input1
[    0.648790] ACPI: Sleep Button [SLPF]
[    0.651299] ACPI: Battery Slot [BAT0] (battery present)
[    0.652676] Serial: 8250/16550 driver, 32 ports, IRQ sharing enabled
[    0.674573] 00:02: ttyS0 at I/O 0x3f8 (irq = 4, base_baud = 115200) is a 16550A
[    0.677754] Linux agpgart interface v0.103
[    0.680768] loop: module loaded
[    0.682123] scsi host0: ata_piix
[    0.682988] scsi host1: ata_piix
[    0.683670] ata1: PATA max UDMA/33 cmd 0x1f0 ctl 0x3f6 bmdma 0xd000 irq 14
[    0.685695] ata2: PATA max UDMA/33 cmd 0x170 ctl 0x376 bmdma 0xd008 irq 15
[    0.687344] libphy: Fixed MDIO Bus: probed
[    0.688336] tun: Universal TUN/TAP device driver, 1.6
[    0.689348] PPP generic driver version 2.4.2
[    0.690209] ehci_hcd: USB 2.0 'Enhanced' Host Controller (EHCI) Driver
[    0.691430] ehci-pci: EHCI PCI platform driver
[    0.692350] ehci-platform: EHCI generic platform driver
[    0.693313] ohci_hcd: USB 1.1 'Open' Host Controller (OHCI) Driver
[    0.694462] ohci-pci: OHCI PCI platform driver
[    0.695292] ohci-platform: OHCI generic platform driver
[    0.696311] uhci_hcd: USB Universal Host Controller Interface driver
[    0.697499] i8042: PNP: PS/2 Controller [PNP0303:PS2K,PNP0f03:PS2M] at 0x60,0x64 irq 1,12
[    0.699512] serio: i8042 KBD port at 0x60,0x64 irq 1
[    0.700523] serio: i8042 AUX port at 0x60,0x64 irq 12
[    0.701527] mousedev: PS/2 mouse device common for all mice
[    0.702745] input: AT Translated Set 2 keyboard as /devices/platform/i8042/serio0/input/input2
[    0.705114] rtc_cmos rtc_cmos: rtc core: registered rtc_cmos as rtc0
[    0.706545] rtc_cmos rtc_cmos: alarms up to one day, 114 bytes nvram
[    0.707721] i2c /dev entries driver
[    0.708911] device-mapper: uevent: version 1.0.3
[    0.709991] device-mapper: ioctl: 4.37.0-ioctl (2017-09-20) initialised: dm-devel@redhat.com
[    0.711674] ledtrig-cpu: registered to indicate activity on CPUs
[    0.713539] NET: Registered protocol family 10
[    0.718710] Segment Routing with IPv6
[    0.719963] NET: Registered protocol family 17
[    0.720953] Key type dns_resolver registered
[    0.721980] mce: Using 0 MCE banks
[    0.722699] RAS: Correctable Errors collector initialized.
[    0.724163] sched_clock: Marking stable (721917334, 0)->(879073679, -157156345)
[    0.726096] registered taskstats version 1
[    0.726899] Loading compiled-in X.509 certificates
[    0.729958] Loaded X.509 cert 'Build time autogenerated kernel key: 1d4b83cbc5f7a3cd7e4471a5cf69d65d9314bdf5'
[    0.732681] zswap: loaded using pool lzo/zbud
[    0.736773] Key type big_key registered
[    0.738010] Key type trusted registered
[    0.740625] Key type encrypted registered
[    0.741469] AppArmor: AppArmor sha1 policy hashing enabled
[    0.742498] ima: No TPM chip found, activating TPM-bypass! (rc=-19)
[    0.743861] ima: Allocated hash algorithm: sha1
[    0.744872] evm: HMAC attrs: 0x1
[    0.746121]   Magic number: 4:448:74
[    0.747062] rtc_cmos rtc_cmos: setting system clock to 2020-09-10 11:04:45 UTC (1599735885)
[    0.749173] BIOS EDD facility v0.16 2004-Jun-25, 0 devices found
[    0.750294] EDD information not available.
[    1.082130] Freeing unused kernel image memory: 2436K
[    1.092833] Write protecting the kernel read-only data: 20480k
[    1.095978] Freeing unused kernel image memory: 2008K
[    1.097977] Freeing unused kernel image memory: 1872K
[    1.106231] x86/mm: Checked W+X mappings: passed, no W+X pages found.
[    1.108337] x86/mm: Checking user space page tables
[    1.115353] x86/mm: Checked W+X mappings: passed, no W+X pages found.
Loading, please wait...
starting version 237
[    1.172929] e1000: Intel(R) PRO/1000 Network Driver - version 7.3.21-k8-NAPI
[    1.175479] e1000: Copyright (c) 1999-2006 Intel Corporation.
[    1.179343] Fusion MPT base driver 3.04.20
[    1.180527] Copyright (c) 1999-2008 LSI Corporation
[    1.186231] Fusion MPT SPI Host driver 3.04.20
[    1.194769] AVX2 version of gcm_enc/dec engaged.
[    1.196429] AES CTR mode by8 optimization enabled
[    1.396444] input: ImExPS/2 Generic Explorer Mouse as /devices/platform/i8042/serio1/input/input4
[    1.639772] e1000 0000:00:03.0 eth0: (PCI:33MHz:32-bit) 02:5f:45:77:d1:f5
[    1.641438] e1000 0000:00:03.0 eth0: Intel(R) PRO/1000 Network Connection
[    1.643874] mptbase: ioc0: Initiating bringup
[    2.806549] ioc0: LSI53C1030 A0: Capabilities={Initiator}
[    6.382599] scsi host2: ioc0: LSI53C1030 A0, FwRev=00000000h, Ports=1, MaxQ=256, IRQ=20
[    8.286078] scsi 2:0:0:0: Direct-Access     VBOX     HARDDISK         1.0  PQ: 0 ANSI: 5
[    8.793219] scsi target2:0:0: Beginning Domain Validation
[    8.840774] scsi target2:0:0: Domain Validation skipping write tests
[    8.842674] scsi target2:0:0: Ending Domain Validation
[    8.843803] scsi target2:0:0: asynchronous
[    8.858548] scsi 2:0:1:0: Direct-Access     VBOX     HARDDISK         1.0  PQ: 0 ANSI: 5
[    8.895779] scsi target2:0:1: Beginning Domain Validation
[    8.901829] random: fast init done
[    8.903353] scsi target2:0:1: Domain Validation skipping write tests
[    8.904664] scsi target2:0:1: Ending Domain Validation
[    8.905703] scsi target2:0:1: asynchronous
[    8.910715] random: systemd-udevd: uninitialized urandom read (16 bytes read)
[    8.912110] random: systemd-udevd: uninitialized urandom read (16 bytes read)
[    8.913448] random: systemd-udevd: uninitialized urandom read (16 bytes read)
[    8.914907] sd 2:0:0:0: Attached scsi generic sg0 type 0
[    8.916050] sd 2:0:1:0: Attached scsi generic sg1 type 0
[    8.917700] sd 2:0:0:0: [sda] 41943040 512-byte logical blocks: (21.5 GB/20.0 GiB)
[    8.919702] sd 2:0:0:0: [sda] Write Protect is off
[    8.920857] sd 2:0:0:0: [sda] Incomplete mode parameter data
[    8.921952] sd 2:0:0:0: [sda] Assuming drive cache: write through
[    8.925056]  sda: sda1
[    8.926106] sd 2:0:0:0: [sda] Attached SCSI disk
[    8.928331] sd 2:0:1:0: [sdb] 20480 512-byte logical blocks: (10.5 MB/10.0 MiB)
[    8.929865] sd 2:0:1:0: [sdb] Write Protect is off
[    8.932208] sd 2:0:1:0: [sdb] Incomplete mode parameter data
[    8.934080] sd 2:0:1:0: [sdb] Assuming drive cache: write through
[    8.938828] sd 2:0:1:0: [sdb] Attached SCSI disk
[    9.191778] e1000 0000:00:08.0 eth1: (PCI:33MHz:32-bit) 08:00:27:92:1d:f4
[    9.193560] e1000 0000:00:08.0 eth1: Intel(R) PRO/1000 Network Connection
[    9.195876] e1000 0000:00:08.0 enp0s8: renamed from eth1
[    9.212921] e1000 0000:00:03.0 enp0s3: renamed from eth0
Begin: Loading essential drivers ... [   10.628551] raid6: sse2x1   gen() 12838 MB/s
[   10.676235] raid6: sse2x1   xor()  9378 MB/s
[   10.724275] raid6: sse2x2   gen() 15886 MB/s
[   10.772267] raid6: sse2x2   xor() 10585 MB/s
[   10.820570] raid6: sse2x4   gen() 18323 MB/s
[   10.868225] raid6: sse2x4   xor() 11168 MB/s
[   10.916608] raid6: avx2x1   gen() 24874 MB/s
[   10.964298] raid6: avx2x1   xor() 16486 MB/s
[   11.012595] raid6: avx2x2   gen() 29463 MB/s
[   11.060062] raid6: avx2x2   xor() 18911 MB/s
[   11.108536] raid6: avx2x4   gen() 33748 MB/s
[   11.156260] raid6: avx2x4   xor() 21851 MB/s
[   11.157948] raid6: using algorithm avx2x4 gen() 33748 MB/s
[   11.159444] raid6: .... xor() 21851 MB/s, rmw enabled
[   11.160403] raid6: using avx2x2 recovery algorithm
[   11.162484] xor: automatically using best checksumming function   avx       
[   11.165605] async_tx: api initialized (async)
done.
Begin: Running /scripts/init-premount ... done.
Begin: Mounting root file system ... Begin: Running /scripts/local-top ... done.
Begin: Running /scripts/local-premount ... [   11.205449] Btrfs loaded, crc32c=crc32c-intel
Scanning for Btrfs filesystems
done.
Warning: fsck not present, so skipping root file system
[   11.239043] EXT4-fs (sda1): mounted filesystem with ordered data mode. Opts: (null)
done.
Begin: Running /scripts/local-bottom ... done.
Begin: Running /scripts/init-bottom ... done.
[   11.526073] ip_tables: (C) 2000-2006 Netfilter Core Team
[   11.537728] systemd[1]: systemd 237 running in system mode. (+PAM +AUDIT +SELINUX +IMA +APPARMOR +SMACK +SYSVINIT +UTMP +LIBCRYPTSETUP +GCRYPT +GNUTLS +ACL +XZ +LZ4 +SECCOMP +BLKID +ELFUTILS +KMOD -IDN2 +IDN -PCRE2 default-hierarchy=hybrid)
[   11.542166] systemd[1]: Detected virtualization oracle.
[   11.543194] systemd[1]: Detected architecture x86-64.

Welcome to [1mUbuntu 18.04.4 LTS[0m!

[   11.565793] systemd[1]: Set hostname to <ubuntu-bionic>.
[   11.918074] systemd[1]: Created slice User and Session Slice.
[[0;32m  OK  [0m] Created slice User and Session Slice.
[   11.920177] systemd[1]: Set up automount Arbitrary Executable File Formats File System Automount Point.
[[0;32m  OK  [0m] Set up automount Arbitrary Executab…rmats File System Automount Point.
[   11.923562] systemd[1]: Reached target System Time Synchronized.
[[0;32m  OK  [0m] Reached target System Time Synchronized.
[   11.925696] systemd[1]: Reached target Swap.
[[0;32m  OK  [0m] Reached target Swap.
[   11.927496] systemd[1]: Created slice System Slice.
[[0;32m  OK  [0m] Created slice System Slice.
[   11.929354] systemd[1]: Listening on Syslog Socket.
[[0;32m  OK  [0m] Listening on Syslog Socket.
[[0;32m  OK  [0m] Listening on udev Control Socket.
[[0;32m  OK  [0m] Reached target Slices.
[[0;32m  OK  [0m] Listening on Journal Socket.
         Starting Set the console keyboard layout...
         Mounting Kernel Debug File System...
         Mounting Huge Pages File System...
[[0;32m  OK  [0m] Listening on Journal Audit Socket.
[[0;32m  OK  [0m] Listening on LVM2 metadata daemon socket.
         Starting Load Kernel Modules...
         Starting Create list of required st…ce nodes for the current kernel...
         Mounting POSIX Message Queue File System...
[[0;32m  OK  [0m] Listening on LVM2 poll daemon socket.
[[0;32m  OK  [0m] Listening on Journal Socket (/dev/log).
[   12.050875] Loading iSCSI transport class v2.0-870.
         Starting Journal Service...
[   12.061103] iscsi: registered transport (tcp)
[[0;32m  OK  [0m] Listening on Device-mapper event daemon FIFOs.
         Starting Monitoring of LVM2 mirrors…ng dmeventd or progress polling...
[[0;32m  OK  [0m] Created slice system-serial\x2dgetty.slice.
[[0;32m  OK  [0m] Started Forward Password Requests to Wall Directory Watch.
         Starting Remount Root and Kernel File Systems...
[[0;32m  OK  [0m] Reached target User and Group Name Lookups.
         Starting Uncomplicated firewall...
[[0;32m  OK  [0m] Listening on /dev/initctl Compatibility Named Pipe.
[[0;32m  OK  [0m] Listening on Network Service Netlink Socket.
[[0;32m  OK  [0m] Listening on udev Kernel Socket.
         Starting udev Coldplug all Devices...
[[0;32m  OK  [0m] Started Journal Service.
[[0;32m  OK  [0m] Started Set the console keyboard layout.
[[0;32m  OK  [0m] Mounted Kernel Debug File System.
[[0;32m  OK  [0m] Mounted Huge Pages File System.
[[0;32m  OK  [0m] Started Create list of required sta…vice nodes for the current kernel.
[   12.156912] iscsi: registered transport (iser)
[   12.158724] EXT4-fs (sda1): re-mounted. Opts: (null)
[[0;32m  OK  [0m] Started Load Kernel Modules.
[[0;32m  OK  [0m] Mounted POSIX Message Queue File System.
[[0;32m  OK  [0m] Started Remount Root and Kernel File Systems.
[[0;32m  OK  [0m] Started Uncomplicated firewall.
[[0;32m  OK  [0m] Started LVM2 metadata daemon.
         Starting Load/Save Random Seed...
         Mounting FUSE Control File System...
         Starting Apply Kernel Variables...
         Mounting Kernel Configuration File System...
         Starting Create Static Device Nodes in /dev...
         Starting Flush Journal to Persistent Storage...
[[0;32m  OK  [0m] Started Monitoring of LVM2 mirrors,…sing dmeventd or progress polling.
[[0;32m  OK  [0m] Started udev Coldplug all Devices.
[[0;32m  OK  [0m] Started Load/Save Random Seed.
[[0;32m  OK  [0m] Mounted FUSE Control File System.
[[0;32m  OK  [0m] Started Apply Kernel Variables.
[[0;32m  OK  [0m] Mounted Kernel Configuration File System.
[[0;32m  OK  [0m] Started Create Static Device Nodes in /dev.
         Starting udev Kernel Device Manager...
[[0;32m  OK  [0m] Reached target Local File Systems (Pre).
[[0;32m  OK  [0m] Reached target Local File Systems.
         Starting AppArmor initialization...
         Starting ebtables ruleset management...
         Starting Tell Plymouth To Write Out Runtime Data...
         Starting Set console font and keymap...
[[0;32m  OK  [0m] Started udev Kernel Device Manager.
[[0;32m  OK  [0m] Started Dispatch Password Requests to Console Directory Watch.
[[0;32m  OK  [0m] Reached target Local Encrypted Volumes.
[[0;32m  OK  [0m] Started Tell Plymouth To Write Out Runtime Data.
[[0;32m  OK  [0m] Started Set console font and keymap.
[[0;32m  OK  [0m] Found device /dev/ttyS0.
[[0;32m  OK  [0m] Started ebtables ruleset management.
[[0;32m  OK  [0m] Started Flush Journal to Persistent Storage.
         Starting Create Volatile Files and Directories...
[[0;32m  OK  [0m] Listening on Load/Save RF Kill Switch Status /dev/rfkill Watch.
[[0;32m  OK  [0m] Found device 82540EM Gigabit Ethern…ler (PRO/1000 MT Desktop Adapter).
[[0;32m  OK  [0m] Started Create Volatile Files and Directories.
         Starting Update UTMP about System Boot/Shutdown...
[[0;32m  OK  [0m] Started Update UTMP about System Boot/Shutdown.
[[0;32m  OK  [0m] Started AppArmor initialization.
         Starting Load AppArmor profiles managed internally by snapd...
         Starting Initial cloud-init job (pre-networking)...
[[0;32m  OK  [0m] Started Load AppArmor profiles managed internally by snapd.
[   14.042383] cloud-init[615]: Cloud-init v. 20.2-45-g5f7825e2-0ubuntu1~18.04.1 running 'init-local' at Thu, 10 Sep 2020 11:04:58 +0000. Up 13.84 seconds.
[[0;32m  OK  [0m] Started Initial cloud-init job (pre-networking).
[[0;32m  OK  [0m] Reached target Network (Pre).
         Starting Network Service...
         Starting Raise network interfaces...
[[0;32m  OK  [0m] Started ifup for enp0s8.
[[0;32m  OK  [0m] Started Network Service.
         Starting Network Name Resolution...
         Starting Wait for Network to be Configured...
[[0;1;31mFAILED[0m] Failed to start Raise network interfaces.
See 'systemctl status networking.service' for details.
[[0;32m  OK  [0m] Started Network Name Resolution.
[[0;32m  OK  [0m] Reached target Host and Network Name Lookups.
[[0;32m  OK  [0m] Reached target Network.
[[0;32m  OK  [0m] Started Wait for Network to be Configured.
         Starting Initial cloud-init job (metadata service crawler)...
[   16.313638] cloud-init[800]: Cloud-init v. 20.2-45-g5f7825e2-0ubuntu1~18.04.1 running 'init' at Thu, 10 Sep 2020 11:05:00 +0000. Up 16.17 seconds.
[   16.316798] cloud-init[800]: ci-info: ++++++++++++++++++++++++++++++++++++++Net device info+++++++++++++++++++++++++++++++++++++++
[   16.319106] cloud-init[800]: ci-info: +--------+------+-----------------------------+---------------+--------+-------------------+
[   16.321780] cloud-init[800]: ci-info: | Device |  Up  |           Address           |      Mask     | Scope  |     Hw-Address    |
[   16.324726] cloud-init[800]: ci-info: +--------+------+-----------------------------+---------------+--------+-------------------+
[   16.327699] cloud-init[800]: ci-info: | enp0s3 | True |          10.0.2.15          | 255.255.255.0 | global | 02:5f:45:77:d1:f5 |
[   16.330505] cloud-init[800]: ci-info: | enp0s3 | True |  fe80::5f:45ff:fe77:d1f5/64 |       .       |  link  | 02:5f:45:77:d1:f5 |
[   16.344430] cloud-init[800]: ci-info: | enp0s8 | True |        192.168.33.10        | 255.255.255.0 | global | 08:00:27:92:1d:f4 |
[   16.347189] cloud-init[800]: ci-info: | enp0s8 | True | fe80::a00:27ff:fe92:1df4/64 |       .       |  link  | 08:00:27:92:1d:f4 |
[   16.349483] cloud-init[800]: ci-info: |   lo   | True |          127.0.0.1          |   255.0.0.0   |  host  |         .         |
[   16.351795] cloud-init[800]: ci-info: |   lo   | True |           ::1/128           |       .       |  host  |         .         |
[   16.353735] cloud-init[800]: ci-info: +--------+------+-----------------------------+---------------+--------+-------------------+
[   16.356607] cloud-init[800]: ci-info: +++++++++++++++++++++++++++++Route IPv4 info+++++++++++++++++++++++++++++
[   16.358208] cloud-init[800]: ci-info: +-------+--------------+----------+-----------------+-----------+-------+
[   16.359203] cloud-init[800]: ci-info: | Route | Destination  | Gateway  |     Genmask     | Interface | Flags |
[   16.376291] cloud-init[800]: ci-info: +-------+--------------+----------+-----------------+-----------+-------+
[   16.388454] cloud-init[800]: ci-info: |   0   |   0.0.0.0    | 10.0.2.2 |     0.0.0.0     |   enp0s3  |   UG  |
[   16.390131] cloud-init[800]: ci-info: |   1   |   10.0.2.0   | 0.0.0.0  |  255.255.255.0  |   enp0s3  |   U   |
[   16.391688] cloud-init[800]: ci-info: |   2   |   10.0.2.2   | 0.0.0.0  | 255.255.255.255 |   enp0s3  |   UH  |
[   16.393533] cloud-init[800]: ci-info: |   3   | 192.168.33.0 | 0.0.0.0  |  255.255.255.0  |   enp0s8  |   U   |
[   16.404379] cloud-init[800]: ci-info: +-------+--------------+----------+-----------------+-----------+-------+
[   16.406125] cloud-init[800]: ci-info: +++++++++++++++++++Route IPv6 info+++++++++++++++++++
[   16.407626] cloud-init[800]: ci-info: +-------+-------------+---------+-----------+-------+
[   16.409304] cloud-init[800]: ci-info: | Route | Destination | Gateway | Interface | Flags |
[   16.420512] cloud-init[800]: ci-info: +-------+-------------+---------+-----------+-------+
[   16.422025] cloud-init[800]: ci-info: |   1   |  fe80::/64  |    ::   |   enp0s8  |   U   |
[   16.423865] cloud-init[800]: ci-info: |   2   |  fe80::/64  |    ::   |   enp0s3  |   U   |
[   16.425627] cloud-init[800]: ci-info: |   4   |    local    |    ::   |   enp0s3  |   U   |
[   16.427351] cloud-init[800]: ci-info: |   5   |    local    |    ::   |   enp0s8  |   U   |
[   16.428941] cloud-init[800]: ci-info: |   6   |   ff00::/8  |    ::   |   enp0s8  |   U   |
[   16.431019] cloud-init[800]: ci-info: |   7   |   ff00::/8  |    ::   |   enp0s3  |   U   |
[   16.432928] cloud-init[800]: ci-info: +-------+-------------+---------+-----------+-------+
[[0;32m  OK  [0m] Started Initial cloud-init job (metadata service crawler).
[[0;32m  OK  [0m] Reached target System Initialization.
[[0;32m  OK  [0m] Started Daily Cleanup of Temporary Directories.
[[0;32m  OK  [0m] Started Daily apt download activities.
[[0;32m  OK  [0m] Listening on UUID daemon activation socket.
[[0;32m  OK  [0m] Listening on ACPID Listen Socket.
[[0;32m  OK  [0m] Started Discard unused blocks once a week.
[[0;32m  OK  [0m] Listening on Open-iSCSI iscsid Socket.
[[0;32m  OK  [0m] Started Clean PHP session files every 30 mins.
[[0;32m  OK  [0m] Started Daily apt upgrade and clean activities.
[[0;32m  OK  [0m] Listening on D-Bus System Message Bus Socket.
         Starting LXD - unix socket.
         Starting Socket activation for snappy daemon.
[[0;32m  OK  [0m] Started Message of the Day.
[[0;32m  OK  [0m] Reached target Timers.
[[0;32m  OK  [0m] Started ACPI Events Check.
[[0;32m  OK  [0m] Reached target Paths.
[[0;32m  OK  [0m] Reached target Cloud-config availability.
[[0;32m  OK  [0m] Reached target Network is Online.
[[0;32m  OK  [0m] Reached target Remote File Systems (Pre).
[[0;32m  OK  [0m] Reached target Remote File Systems.
         Starting Availability of block devices...
[[0;32m  OK  [0m] Listening on LXD - unix socket.
[[0;32m  OK  [0m] Listening on Socket activation for snappy daemon.
[[0;32m  OK  [0m] Reached target Sockets.
[[0;32m  OK  [0m] Reached target Basic System.
         Starting LSB: Record successful boot for GRUB...
         Starting Clean php session files...
         Starting Dispatcher daemon for systemd-networkd...
         Starting Pollinate to seed the pseudo random number generator...
         Starting MySQL Community Server...
         Starting LSB: automatic crash report generation...
         Starting Accounts Service...
         Starting Permit User Sessions...
[[0;32m  OK  [0m] Started D-Bus System Message Bus.
[[0;32m  OK  [0m] Started FUSE filesystem for LXC.
         Starting vboxadd.service...
         Starting Snap Daemon...
[[0;32m  OK  [0m] Started Regular background program processing daemon.
         Starting System Logging Service...
[[0;32m  OK  [0m] Started irqbalance daemon.
[[0;32m  OK  [0m] Started Deferred execution scheduler.
         Starting Message of the Day...
         Starting Login Service...
         Starting LXD - container startup/shutdown...
[[0;32m  OK  [0m] Started Availability of block devices.
[[0;32m  OK  [0m] Started Permit User Sessions.
         Starting Authorization Manager...
         Starting Terminate Plymouth Boot Screen...
         Starting Hold until boot process finishes up...
[[0;32m  OK  [0m] Started Login Service.
[[0;32m  OK  [0m] Started Unattended Upgrades Shutdown.
[[0;32m  OK  [0m] Started Hold until boot process finishes up.
[[0;1;31mFAILED[0m] Failed to start Pollinate to seed the pseudo random number generator.
See 'systemctl status pollinate.service' for details.
[[0;32m  OK  [0m] Started Terminate Plymouth Boot Screen.
         Starting OpenBSD Secure Shell server...
[[0;32m  OK  [0m] Started Serial Getty on ttyS0.
         Starting Set console scheme...
[[0;32m  OK  [0m] Started System Logging Service.
[[0;32m  OK  [0m] Started LSB: Record successful boot for GRUB.
[[0;32m  OK  [0m] Started Set console scheme.
[[0;32m  OK  [0m] Created slice system-getty.slice.
[[0;32m  OK  [0m] Started Getty on tty1.
[[0;32m  OK  [0m] Reached target Login Prompts.
[[0;32m  OK  [0m] Started LSB: automatic crash report generation.
[[0;32m  OK  [0m] Started Authorization Manager.
[[0;32m  OK  [0m] Started Accounts Service.
[[0;32m  OK  [0m] Started OpenBSD Secure Shell server.
[[0;32m  OK  [0m] Started LXD - container startup/shutdown.
[[0;32m  OK  [0m] Created slice User Slice of vagrant.
[[0;32m  OK  [0m] Started Dispatcher daemon for systemd-networkd.
[[0;32m  OK  [0m] Started Clean php session files.
[[0;32m  OK  [0m] Started Session 1 of user vagrant.
         Starting User Manager for UID 1000...
[[0;32m  OK  [0m] Started Snap Daemon.
         Starting Wait until snapd is fully seeded...
[[0;32m  OK  [0m] Started Wait until snapd is fully seeded.
         Starting Apply the settings specified in cloud-config...
[[0;32m  OK  [0m] Started User Manager for UID 1000.
[[0;32m  OK  [0m] Started Apply the settings specified in cloud-config.
[   19.524780] cloud-init[1372]: Cloud-init v. 20.2-45-g5f7825e2-0ubuntu1~18.04.1 running 'modules:config' at Thu, 10 Sep 2020 11:05:04 +0000. Up 19.25 seconds.
[[0;32m  OK  [0m] Started vboxadd.service.
         Starting vboxadd-service.service...
[[0;32m  OK  [0m] Started vboxadd-service.service.
[[0;32m  OK  [0m] Started MySQL Community Server.
[[0;32m  OK  [0m] Reached target Multi-User System.
         Starting Execute cloud user/final scripts...
[[0;32m  OK  [0m] Reached target Graphical Interface.
         Starting Update UTMP about System Runlevel Changes...
[[0;32m  OK  [0m] Started Update UTMP about System Runlevel Changes.
[   21.506159] cloud-init[1683]: Cloud-init v. 20.2-45-g5f7825e2-0ubuntu1~18.04.1 running 'modules:final' at Thu, 10 Sep 2020 11:05:06 +0000. Up 21.37 seconds.
[   21.507382] cloud-init[1683]: Cloud-init v. 20.2-45-g5f7825e2-0ubuntu1~18.04.1 finished at Thu, 10 Sep 2020 11:05:06 +0000. Datasource DataSourceNoCloud [seed=/dev/sdb][dsmode=net].  Up 21.49 seconds
[[0;32m  OK  [0m] Started Execute cloud user/final scripts.
[[0;32m  OK  [0m] Reached target Cloud-init target.

Ubuntu 18.04.4 LTS ubuntu-bionic ttyS0

ubuntu-bionic login: 